\BOOKMARK [0][-]{chapter.1}{Text Chapter}{}% 1
\BOOKMARK [1][-]{section.1.1}{Paragraphs of Text}{chapter.1}% 2
\BOOKMARK [1][-]{section.1.2}{Citation}{chapter.1}% 3
\BOOKMARK [1][-]{section.1.3}{Lists}{chapter.1}% 4
\BOOKMARK [2][-]{subsection.1.3.1}{Numbered List}{section.1.3}% 5
\BOOKMARK [2][-]{subsection.1.3.2}{Bullet Points}{section.1.3}% 6
\BOOKMARK [2][-]{subsection.1.3.3}{Descriptions and Definitions}{section.1.3}% 7
\BOOKMARK [0][-]{chapter.2}{In-text Elements}{}% 8
\BOOKMARK [1][-]{section.2.1}{Theorems}{chapter.2}% 9
\BOOKMARK [2][-]{subsection.2.1.1}{Several equations}{section.2.1}% 10
\BOOKMARK [2][-]{subsection.2.1.2}{Single Line}{section.2.1}% 11
\BOOKMARK [1][-]{section.2.2}{Definitions}{chapter.2}% 12
\BOOKMARK [1][-]{section.2.3}{Notations}{chapter.2}% 13
\BOOKMARK [1][-]{section.2.4}{Remarks}{chapter.2}% 14
\BOOKMARK [1][-]{section.2.5}{Corollaries}{chapter.2}% 15
\BOOKMARK [1][-]{section.2.6}{Propositions}{chapter.2}% 16
\BOOKMARK [2][-]{subsection.2.6.1}{Several equations}{section.2.6}% 17
\BOOKMARK [2][-]{subsection.2.6.2}{Single Line}{section.2.6}% 18
\BOOKMARK [1][-]{section.2.7}{Examples}{chapter.2}% 19
\BOOKMARK [2][-]{subsection.2.7.1}{Equation and Text}{section.2.7}% 20
\BOOKMARK [2][-]{subsection.2.7.2}{Paragraph of Text}{section.2.7}% 21
\BOOKMARK [1][-]{section.2.8}{Exercises}{chapter.2}% 22
\BOOKMARK [1][-]{section.2.9}{Problems}{chapter.2}% 23
\BOOKMARK [1][-]{section.2.10}{Vocabulary}{chapter.2}% 24
\BOOKMARK [0][-]{chapter.3}{Presenting Information}{}% 25
\BOOKMARK [1][-]{section.3.1}{Table}{chapter.3}% 26
\BOOKMARK [1][-]{section.3.2}{Figure}{chapter.3}% 27
\BOOKMARK [0][-]{chapter*.2}{Bibliography}{}% 28
\BOOKMARK [1][-]{section*.3}{Books}{chapter*.2}% 29
\BOOKMARK [1][-]{section*.4}{Articles}{chapter*.2}% 30
\BOOKMARK [0][-]{section*.5}{Index}{}% 31
